# JRE version: Java(TM) SE Runtime Environment (8.0_91-b15) (build 1.8.0_91-b15)
# Java VM: Java HotSpot(TM) 64-Bit Server VM (25.91-b15 mixed mode windows-amd64 compressed oops)
Heap:
 PSYoungGen      total 224768K, used 78875K [0x000000076b400000, 0x000000077c900000, 0x00000007c0000000)
  eden space 207360K, 38% used [0x000000076b400000,0x0000000770106e30,0x0000000777e80000)
  from space 17408K, 0% used [0x0000000779000000,0x0000000779000000,0x000000077a100000)
  to   space 17920K, 0% used [0x0000000777e80000,0x0000000777e80000,0x0000000779000000)
 ParOldGen       total 110592K, used 14952K [0x00000006c1c00000, 0x00000006c8800000, 0x000000076b400000)
  object space 110592K, 13% used [0x00000006c1c00000,0x00000006c2a9a130,0x00000006c8800000)
 Metaspace       used 40035K, capacity 43868K, committed 43904K, reserved 1087488K
  class space    used 4857K, capacity 6013K, committed 6016K, reserved 1048576K
GC Heap History (10 events):
Event: 2.916 GC heap before
{Heap before GC invocations=4 (full 1):
 PSYoungGen      total 76288K, used 10745K [0x000000076b400000, 0x0000000774900000, 0x00000007c0000000)
  eden space 65536K, 0% used [0x000000076b400000,0x000000076b400000,0x000000076f400000)
  from space 10752K, 99% used [0x000000076f400000,0x000000076fe7e568,0x000000076fe80000)
  to   space 10752K, 0% used [0x0000000773e80000,0x0000000773e80000,0x0000000774900000)
 ParOldGen       total 175104K, used 8369K [0x00000006c1c00000, 0x00000006cc700000, 0x000000076b400000)
  object space 175104K, 4% used [0x00000006c1c00000,0x00000006c242c490,0x00000006cc700000)
 Metaspace       used 19452K, capacity 21102K, committed 21248K, reserved 1067008K
  class space    used 2256K, capacity 2698K, committed 2816K, reserved 1048576K
Event: 2.949 GC heap after
Heap after GC invocations=4 (full 1):
 PSYoungGen      total 76288K, used 0K [0x000000076b400000, 0x0000000774900000, 0x00000007c0000000)
  eden space 65536K, 0% used [0x000000076b400000,0x000000076b400000,0x000000076f400000)
  from space 10752K, 0% used [0x000000076f400000,0x000000076f400000,0x000000076fe80000)
  to   space 10752K, 0% used [0x0000000773e80000,0x0000000773e80000,0x0000000774900000)
 ParOldGen       total 98304K, used 11192K [0x00000006c1c00000, 0x00000006c7c00000, 0x000000076b400000)
  object space 98304K, 11% used [0x00000006c1c00000,0x00000006c26ee120,0x00000006c7c00000)
 Metaspace       used 19452K, capacity 21102K, committed 21248K, reserved 1067008K
  class space    used 2256K, capacity 2698K, committed 2816K, reserved 1048576K
}
Event: 3.687 GC heap before
{Heap before GC invocations=5 (full 1):
 PSYoungGen      total 76288K, used 65536K [0x000000076b400000, 0x0000000774900000, 0x00000007c0000000)
  eden space 65536K, 100% used [0x000000076b400000,0x000000076f400000,0x000000076f400000)
  from space 10752K, 0% used [0x000000076f400000,0x000000076f400000,0x000000076fe80000)
  to   space 10752K, 0% used [0x0000000773e80000,0x0000000773e80000,0x0000000774900000)
 ParOldGen       total 98304K, used 11192K [0x00000006c1c00000, 0x00000006c7c00000, 0x000000076b400000)
  object space 98304K, 11% used [0x00000006c1c00000,0x00000006c26ee120,0x00000006c7c00000)
 Metaspace       used 30714K, capacity 33172K, committed 33536K, reserved 1079296K
  class space    used 3697K, capacity 4481K, committed 4608K, reserved 1048576K
Event: 3.750 GC heap after
Heap after GC invocations=5 (full 1):
 PSYoungGen      total 129024K, used 10725K [0x000000076b400000, 0x0000000774900000, 0x00000007c0000000)
  eden space 118272K, 0% used [0x000000076b400000,0x000000076b400000,0x0000000772780000)
  from space 10752K, 99% used [0x0000000773e80000,0x00000007748f9640,0x0000000774900000)
  to   space 10752K, 0% used [0x0000000773400000,0x0000000773400000,0x0000000773e80000)
 ParOldGen       total 98304K, used 11684K [0x00000006c1c00000, 0x00000006c7c00000, 0x000000076b400000)
  object space 98304K, 11% used [0x00000006c1c00000,0x00000006c27692c0,0x00000006c7c00000)
 Metaspace       used 30714K, capacity 33172K, committed 33536K, reserved 1079296K
  class space    used 3697K, capacity 4481K, committed 4608K, reserved 1048576K
}
Event: 11.672 GC heap before
{Heap before GC invocations=6 (full 1):
 PSYoungGen      total 129024K, used 63822K [0x000000076b400000, 0x0000000774900000, 0x00000007c0000000)
  eden space 118272K, 44% used [0x000000076b400000,0x000000076e7da1e8,0x0000000772780000)
  from space 10752K, 99% used [0x0000000773e80000,0x00000007748f9640,0x0000000774900000)
  to   space 10752K, 0% used [0x0000000773400000,0x0000000773400000,0x0000000773e80000)
 ParOldGen       total 98304K, used 11684K [0x00000006c1c00000, 0x00000006c7c00000, 0x000000076b400000)
  object space 98304K, 11% used [0x00000006c1c00000,0x00000006c27692c0,0x00000006c7c00000)
 Metaspace       used 32790K, capacity 35364K, committed 35584K, reserved 1079296K
  class space    used 3988K, capacity 4784K, committed 4864K, reserved 1048576K
Event: 11.680 GC heap after
Heap after GC invocations=6 (full 1):
 PSYoungGen      total 141824K, used 7396K [0x000000076b400000, 0x000000077a100000, 0x00000007c0000000)
  eden space 131072K, 0% used [0x000000076b400000,0x000000076b400000,0x0000000773400000)
  from space 10752K, 68% used [0x0000000773400000,0x0000000773b39308,0x0000000773e80000)
  to   space 17408K, 0% used [0x0000000779000000,0x0000000779000000,0x000000077a100000)
 ParOldGen       total 98304K, used 11692K [0x00000006c1c00000, 0x00000006c7c00000, 0x000000076b400000)
  object space 98304K, 11% used [0x00000006c1c00000,0x00000006c276b2c0,0x00000006c7c00000)
 Metaspace       used 32790K, capacity 35364K, committed 35584K, reserved 1079296K
  class space    used 3988K, capacity 4784K, committed 4864K, reserved 1048576K
}
Event: 11.697 GC heap before
{Heap before GC invocations=7 (full 1):
 PSYoungGen      total 141824K, used 10305K [0x000000076b400000, 0x000000077a100000, 0x00000007c0000000)
  eden space 131072K, 2% used [0x000000076b400000,0x000000076b6d7108,0x0000000773400000)
  from space 10752K, 68% used [0x0000000773400000,0x0000000773b39308,0x0000000773e80000)
  to   space 17408K, 0% used [0x0000000779000000,0x0000000779000000,0x000000077a100000)
 ParOldGen       total 98304K, used 11692K [0x00000006c1c00000, 0x00000006c7c00000, 0x000000076b400000)
  object space 98304K, 11% used [0x00000006c1c00000,0x00000006c276b2c0,0x00000006c7c00000)
 Metaspace       used 32966K, capacity 35620K, committed 35748K, reserved 1081344K
  class space    used 4006K, capacity 4784K, committed 4864K, reserved 1048576K
Event: 11.703 GC heap after
Heap after GC invocations=7 (full 1):
 PSYoungGen      total 224768K, used 6248K [0x000000076b400000, 0x000000077c900000, 0x00000007c0000000)
  eden space 207360K, 0% used [0x000000076b400000,0x000000076b400000,0x0000000777e80000)
  from space 17408K, 35% used [0x0000000779000000,0x000000077961a150,0x000000077a100000)
  to   space 17920K, 0% used [0x0000000777e80000,0x0000000777e80000,0x0000000779000000)
 ParOldGen       total 98304K, used 11700K [0x00000006c1c00000, 0x00000006c7c00000, 0x000000076b400000)
  object space 98304K, 11% used [0x00000006c1c00000,0x00000006c276d2c0,0x00000006c7c00000)
 Metaspace       used 32966K, capacity 35620K, committed 35748K, reserved 1081344K
  class space    used 4006K, capacity 4784K, committed 4864K, reserved 1048576K
}
Event: 11.703 GC heap before
{Heap before GC invocations=8 (full 2):
 PSYoungGen      total 224768K, used 6248K [0x000000076b400000, 0x000000077c900000, 0x00000007c0000000)
  eden space 207360K, 0% used [0x000000076b400000,0x000000076b400000,0x0000000777e80000)
  from space 17408K, 35% used [0x0000000779000000,0x000000077961a150,0x000000077a100000)
  to   space 17920K, 0% used [0x0000000777e80000,0x0000000777e80000,0x0000000779000000)
 ParOldGen       total 98304K, used 11700K [0x00000006c1c00000, 0x00000006c7c00000, 0x000000076b400000)
  object space 98304K, 11% used [0x00000006c1c00000,0x00000006c276d2c0,0x00000006c7c00000)
 Metaspace       used 32966K, capacity 35620K, committed 35748K, reserved 1081344K
  class space    used 4006K, capacity 4784K, committed 4864K, reserved 1048576K
Event: 11.780 GC heap after
Heap after GC invocations=8 (full 2):
 PSYoungGen      total 224768K, used 0K [0x000000076b400000, 0x000000077c900000, 0x00000007c0000000)
  eden space 207360K, 0% used [0x000000076b400000,0x000000076b400000,0x0000000777e80000)
  from space 17408K, 0% used [0x0000000779000000,0x0000000779000000,0x000000077a100000)
  to   space 17920K, 0% used [0x0000000777e80000,0x0000000777e80000,0x0000000779000000)
 ParOldGen       total 110592K, used 14952K [0x00000006c1c00000, 0x00000006c8800000, 0x000000076b400000)
  object space 110592K, 13% used [0x00000006c1c00000,0x00000006c2a9a130,0x00000006c8800000)
 Metaspace       used 32966K, capacity 35620K, committed 35748K, reserved 1081344K
  class space    used 4006K, capacity 4784K, committed 4864K, reserved 1048576K
}

