# JRE version: Java(TM) SE Runtime Environment (8.0_91-b15) (build 1.8.0_91-b15)
# Java VM: Java HotSpot(TM) 64-Bit Server VM (25.91-b15 mixed mode windows-amd64 compressed oops)
Heap:
 PSYoungGen      total 141824K, used 63411K [0x000000076b400000, 0x0000000779800000, 0x00000007c0000000)
  eden space 131072K, 48% used [0x000000076b400000,0x000000076f1ecd78,0x0000000773400000)
  from space 10752K, 0% used [0x0000000773400000,0x0000000773400000,0x0000000773e80000)
  to   space 17920K, 0% used [0x0000000778680000,0x0000000778680000,0x0000000779800000)
 ParOldGen       total 137216K, used 17771K [0x00000006c1c00000, 0x00000006ca200000, 0x000000076b400000)
  object space 137216K, 12% used [0x00000006c1c00000,0x00000006c2d5acc8,0x00000006ca200000)
 Metaspace       used 40381K, capacity 43658K, committed 43904K, reserved 1087488K
  class space    used 4920K, capacity 5965K, committed 6016K, reserved 1048576K
GC Heap History (10 events):
Event: 3.421 GC heap before
{Heap before GC invocations=3 (full 0):
 PSYoungGen      total 76288K, used 53461K [0x000000076b400000, 0x0000000774900000, 0x00000007c0000000)
  eden space 65536K, 65% used [0x000000076b400000,0x000000076ddb5948,0x000000076f400000)
  from space 10752K, 99% used [0x000000076fe80000,0x00000007708ffeb0,0x0000000770900000)
  to   space 10752K, 0% used [0x000000076f400000,0x000000076f400000,0x000000076fe80000)
 ParOldGen       total 175104K, used 8543K [0x00000006c1c00000, 0x00000006cc700000, 0x000000076b400000)
  object space 175104K, 4% used [0x00000006c1c00000,0x00000006c2457d68,0x00000006cc700000)
 Metaspace       used 19518K, capacity 21106K, committed 21248K, reserved 1067008K
  class space    used 2254K, capacity 2702K, committed 2816K, reserved 1048576K
Event: 3.441 GC heap after
Heap after GC invocations=3 (full 0):
 PSYoungGen      total 76288K, used 10743K [0x000000076b400000, 0x0000000774900000, 0x00000007c0000000)
  eden space 65536K, 0% used [0x000000076b400000,0x000000076b400000,0x000000076f400000)
  from space 10752K, 99% used [0x000000076f400000,0x000000076fe7dfe0,0x000000076fe80000)
  to   space 10752K, 0% used [0x0000000773e80000,0x0000000773e80000,0x0000000774900000)
 ParOldGen       total 175104K, used 10566K [0x00000006c1c00000, 0x00000006cc700000, 0x000000076b400000)
  object space 175104K, 6% used [0x00000006c1c00000,0x00000006c2651b90,0x00000006cc700000)
 Metaspace       used 19518K, capacity 21106K, committed 21248K, reserved 1067008K
  class space    used 2254K, capacity 2702K, committed 2816K, reserved 1048576K
}
Event: 3.441 GC heap before
{Heap before GC invocations=4 (full 1):
 PSYoungGen      total 76288K, used 10743K [0x000000076b400000, 0x0000000774900000, 0x00000007c0000000)
  eden space 65536K, 0% used [0x000000076b400000,0x000000076b400000,0x000000076f400000)
  from space 10752K, 99% used [0x000000076f400000,0x000000076fe7dfe0,0x000000076fe80000)
  to   space 10752K, 0% used [0x0000000773e80000,0x0000000773e80000,0x0000000774900000)
 ParOldGen       total 175104K, used 10566K [0x00000006c1c00000, 0x00000006cc700000, 0x000000076b400000)
  object space 175104K, 6% used [0x00000006c1c00000,0x00000006c2651b90,0x00000006cc700000)
 Metaspace       used 19518K, capacity 21106K, committed 21248K, reserved 1067008K
  class space    used 2254K, capacity 2702K, committed 2816K, reserved 1048576K
Event: 3.492 GC heap after
Heap after GC invocations=4 (full 1):
 PSYoungGen      total 76288K, used 0K [0x000000076b400000, 0x0000000774900000, 0x00000007c0000000)
  eden space 65536K, 0% used [0x000000076b400000,0x000000076b400000,0x000000076f400000)
  from space 10752K, 0% used [0x000000076f400000,0x000000076f400000,0x000000076fe80000)
  to   space 10752K, 0% used [0x0000000773e80000,0x0000000773e80000,0x0000000774900000)
 ParOldGen       total 104448K, used 12397K [0x00000006c1c00000, 0x00000006c8200000, 0x000000076b400000)
  object space 104448K, 11% used [0x00000006c1c00000,0x00000006c281b5b0,0x00000006c8200000)
 Metaspace       used 19518K, capacity 21106K, committed 21248K, reserved 1067008K
  class space    used 2254K, capacity 2702K, committed 2816K, reserved 1048576K
}
Event: 4.298 GC heap before
{Heap before GC invocations=5 (full 1):
 PSYoungGen      total 76288K, used 65536K [0x000000076b400000, 0x0000000774900000, 0x00000007c0000000)
  eden space 65536K, 100% used [0x000000076b400000,0x000000076f400000,0x000000076f400000)
  from space 10752K, 0% used [0x000000076f400000,0x000000076f400000,0x000000076fe80000)
  to   space 10752K, 0% used [0x0000000773e80000,0x0000000773e80000,0x0000000774900000)
 ParOldGen       total 104448K, used 12397K [0x00000006c1c00000, 0x00000006c8200000, 0x000000076b400000)
  object space 104448K, 11% used [0x00000006c1c00000,0x00000006c281b5b0,0x00000006c8200000)
 Metaspace       used 29630K, capacity 31718K, committed 32000K, reserved 1077248K
  class space    used 3534K, capacity 4252K, committed 4352K, reserved 1048576K
Event: 4.308 GC heap after
Heap after GC invocations=5 (full 1):
 PSYoungGen      total 119296K, used 10729K [0x000000076b400000, 0x0000000774900000, 0x00000007c0000000)
  eden space 108544K, 0% used [0x000000076b400000,0x000000076b400000,0x0000000771e00000)
  from space 10752K, 99% used [0x0000000773e80000,0x00000007748fa4b8,0x0000000774900000)
  to   space 10752K, 0% used [0x0000000773400000,0x0000000773400000,0x0000000773e80000)
 ParOldGen       total 104448K, used 12440K [0x00000006c1c00000, 0x00000006c8200000, 0x000000076b400000)
  object space 104448K, 11% used [0x00000006c1c00000,0x00000006c2826330,0x00000006c8200000)
 Metaspace       used 29630K, capacity 31718K, committed 32000K, reserved 1077248K
  class space    used 3534K, capacity 4252K, committed 4352K, reserved 1048576K
}
Event: 4.789 GC heap before
{Heap before GC invocations=6 (full 1):
 PSYoungGen      total 119296K, used 81797K [0x000000076b400000, 0x0000000774900000, 0x00000007c0000000)
  eden space 108544K, 65% used [0x000000076b400000,0x000000076f9670f8,0x0000000771e00000)
  from space 10752K, 99% used [0x0000000773e80000,0x00000007748fa4b8,0x0000000774900000)
  to   space 10752K, 0% used [0x0000000773400000,0x0000000773400000,0x0000000773e80000)
 ParOldGen       total 104448K, used 12440K [0x00000006c1c00000, 0x00000006c8200000, 0x000000076b400000)
  object space 104448K, 11% used [0x00000006c1c00000,0x00000006c2826330,0x00000006c8200000)
 Metaspace       used 32535K, capacity 35290K, committed 35416K, reserved 1079296K
  class space    used 3928K, capacity 4786K, committed 4864K, reserved 1048576K
Event: 4.896 GC heap after
Heap after GC invocations=6 (full 1):
 PSYoungGen      total 141824K, used 8699K [0x000000076b400000, 0x0000000779800000, 0x00000007c0000000)
  eden space 131072K, 0% used [0x000000076b400000,0x000000076b400000,0x0000000773400000)
  from space 10752K, 80% used [0x0000000773400000,0x0000000773c7ec30,0x0000000773e80000)
  to   space 17920K, 0% used [0x0000000778680000,0x0000000778680000,0x0000000779800000)
 ParOldGen       total 104448K, used 12448K [0x00000006c1c00000, 0x00000006c8200000, 0x000000076b400000)
  object space 104448K, 11% used [0x00000006c1c00000,0x00000006c2828330,0x00000006c8200000)
 Metaspace       used 32535K, capacity 35290K, committed 35416K, reserved 1079296K
  class space    used 3928K, capacity 4786K, committed 4864K, reserved 1048576K
}
Event: 4.896 GC heap before
{Heap before GC invocations=7 (full 2):
 PSYoungGen      total 141824K, used 8699K [0x000000076b400000, 0x0000000779800000, 0x00000007c0000000)
  eden space 131072K, 0% used [0x000000076b400000,0x000000076b400000,0x0000000773400000)
  from space 10752K, 80% used [0x0000000773400000,0x0000000773c7ec30,0x0000000773e80000)
  to   space 17920K, 0% used [0x0000000778680000,0x0000000778680000,0x0000000779800000)
 ParOldGen       total 104448K, used 12448K [0x00000006c1c00000, 0x00000006c8200000, 0x000000076b400000)
  object space 104448K, 11% used [0x00000006c1c00000,0x00000006c2828330,0x00000006c8200000)
 Metaspace       used 32535K, capacity 35290K, committed 35416K, reserved 1079296K
  class space    used 3928K, capacity 4786K, committed 4864K, reserved 1048576K
Event: 4.963 GC heap after
Heap after GC invocations=7 (full 2):
 PSYoungGen      total 141824K, used 0K [0x000000076b400000, 0x0000000779800000, 0x00000007c0000000)
  eden space 131072K, 0% used [0x000000076b400000,0x000000076b400000,0x0000000773400000)
  from space 10752K, 0% used [0x0000000773400000,0x0000000773400000,0x0000000773e80000)
  to   space 17920K, 0% used [0x0000000778680000,0x0000000778680000,0x0000000779800000)
 ParOldGen       total 137216K, used 17771K [0x00000006c1c00000, 0x00000006ca200000, 0x000000076b400000)
  object space 137216K, 12% used [0x00000006c1c00000,0x00000006c2d5acc8,0x00000006ca200000)
 Metaspace       used 32535K, capacity 35290K, committed 35416K, reserved 1079296K
  class space    used 3928K, capacity 4786K, committed 4864K, reserved 1048576K
}

