# JRE version: Java(TM) SE Runtime Environment (8.0_91-b15) (build 1.8.0_91-b15)
# Java VM: Java HotSpot(TM) 64-Bit Server VM (25.91-b15 mixed mode windows-amd64 compressed oops)
Heap:
 PSYoungGen      total 141312K, used 47202K [0x000000076b400000, 0x0000000777e80000, 0x00000007c0000000)
  eden space 130560K, 36% used [0x000000076b400000,0x000000076e218848,0x0000000773380000)
  from space 10752K, 0% used [0x0000000773380000,0x0000000773380000,0x0000000773e00000)
  to   space 18432K, 0% used [0x0000000776c80000,0x0000000776c80000,0x0000000777e80000)
 ParOldGen       total 142336K, used 20190K [0x00000006c1c00000, 0x00000006ca700000, 0x000000076b400000)
  object space 142336K, 14% used [0x00000006c1c00000,0x00000006c2fb7a40,0x00000006ca700000)
 Metaspace       used 37846K, capacity 41496K, committed 41688K, reserved 1085440K
  class space    used 4635K, capacity 5877K, committed 5888K, reserved 1048576K
GC Heap History (10 events):
Event: 4.310 GC heap before
{Heap before GC invocations=3 (full 0):
 PSYoungGen      total 76288K, used 49817K [0x000000076b400000, 0x0000000774900000, 0x00000007c0000000)
  eden space 65536K, 59% used [0x000000076b400000,0x000000076da2c6f0,0x000000076f400000)
  from space 10752K, 99% used [0x000000076fe80000,0x00000007708f9d10,0x0000000770900000)
  to   space 10752K, 0% used [0x000000076f400000,0x000000076f400000,0x000000076fe80000)
 ParOldGen       total 175104K, used 9815K [0x00000006c1c00000, 0x00000006cc700000, 0x000000076b400000)
  object space 175104K, 5% used [0x00000006c1c00000,0x00000006c2595d80,0x00000006cc700000)
 Metaspace       used 19561K, capacity 21100K, committed 21248K, reserved 1067008K
  class space    used 2251K, capacity 2700K, committed 2816K, reserved 1048576K
Event: 4.319 GC heap after
Heap after GC invocations=3 (full 0):
 PSYoungGen      total 76288K, used 10746K [0x000000076b400000, 0x0000000774900000, 0x00000007c0000000)
  eden space 65536K, 0% used [0x000000076b400000,0x000000076b400000,0x000000076f400000)
  from space 10752K, 99% used [0x000000076f400000,0x000000076fe7e838,0x000000076fe80000)
  to   space 10752K, 0% used [0x0000000773e80000,0x0000000773e80000,0x0000000774900000)
 ParOldGen       total 175104K, used 11707K [0x00000006c1c00000, 0x00000006cc700000, 0x000000076b400000)
  object space 175104K, 6% used [0x00000006c1c00000,0x00000006c276ed00,0x00000006cc700000)
 Metaspace       used 19561K, capacity 21100K, committed 21248K, reserved 1067008K
  class space    used 2251K, capacity 2700K, committed 2816K, reserved 1048576K
}
Event: 4.319 GC heap before
{Heap before GC invocations=4 (full 1):
 PSYoungGen      total 76288K, used 10746K [0x000000076b400000, 0x0000000774900000, 0x00000007c0000000)
  eden space 65536K, 0% used [0x000000076b400000,0x000000076b400000,0x000000076f400000)
  from space 10752K, 99% used [0x000000076f400000,0x000000076fe7e838,0x000000076fe80000)
  to   space 10752K, 0% used [0x0000000773e80000,0x0000000773e80000,0x0000000774900000)
 ParOldGen       total 175104K, used 11707K [0x00000006c1c00000, 0x00000006cc700000, 0x000000076b400000)
  object space 175104K, 6% used [0x00000006c1c00000,0x00000006c276ed00,0x00000006cc700000)
 Metaspace       used 19561K, capacity 21100K, committed 21248K, reserved 1067008K
  class space    used 2251K, capacity 2700K, committed 2816K, reserved 1048576K
Event: 4.375 GC heap after
Heap after GC invocations=4 (full 1):
 PSYoungGen      total 76288K, used 0K [0x000000076b400000, 0x0000000774900000, 0x00000007c0000000)
  eden space 65536K, 0% used [0x000000076b400000,0x000000076b400000,0x000000076f400000)
  from space 10752K, 0% used [0x000000076f400000,0x000000076f400000,0x000000076fe80000)
  to   space 10752K, 0% used [0x0000000773e80000,0x0000000773e80000,0x0000000774900000)
 ParOldGen       total 108544K, used 12307K [0x00000006c1c00000, 0x00000006c8600000, 0x000000076b400000)
  object space 108544K, 11% used [0x00000006c1c00000,0x00000006c2804fe0,0x00000006c8600000)
 Metaspace       used 19561K, capacity 21100K, committed 21248K, reserved 1067008K
  class space    used 2251K, capacity 2700K, committed 2816K, reserved 1048576K
}
Event: 5.252 GC heap before
{Heap before GC invocations=5 (full 1):
 PSYoungGen      total 76288K, used 65536K [0x000000076b400000, 0x0000000774900000, 0x00000007c0000000)
  eden space 65536K, 100% used [0x000000076b400000,0x000000076f400000,0x000000076f400000)
  from space 10752K, 0% used [0x000000076f400000,0x000000076f400000,0x000000076fe80000)
  to   space 10752K, 0% used [0x0000000773e80000,0x0000000773e80000,0x0000000774900000)
 ParOldGen       total 108544K, used 12307K [0x00000006c1c00000, 0x00000006c8600000, 0x000000076b400000)
  object space 108544K, 11% used [0x00000006c1c00000,0x00000006c2804fe0,0x00000006c8600000)
 Metaspace       used 29085K, capacity 31562K, committed 31744K, reserved 1077248K
  class space    used 3516K, capacity 4321K, committed 4352K, reserved 1048576K
Event: 5.274 GC heap after
Heap after GC invocations=5 (full 1):
 PSYoungGen      total 118272K, used 9971K [0x000000076b400000, 0x0000000774880000, 0x00000007c0000000)
  eden space 108032K, 0% used [0x000000076b400000,0x000000076b400000,0x0000000771d80000)
  from space 10240K, 97% used [0x0000000773e80000,0x000000077483cff8,0x0000000774880000)
  to   space 10752K, 0% used [0x0000000773380000,0x0000000773380000,0x0000000773e00000)
 ParOldGen       total 108544K, used 12315K [0x00000006c1c00000, 0x00000006c8600000, 0x000000076b400000)
  object space 108544K, 11% used [0x00000006c1c00000,0x00000006c2806fe0,0x00000006c8600000)
 Metaspace       used 29085K, capacity 31562K, committed 31744K, reserved 1077248K
  class space    used 3516K, capacity 4321K, committed 4352K, reserved 1048576K
}
Event: 89.024 GC heap before
{Heap before GC invocations=6 (full 1):
 PSYoungGen      total 118272K, used 89569K [0x000000076b400000, 0x0000000774880000, 0x00000007c0000000)
  eden space 108032K, 73% used [0x000000076b400000,0x00000007701bb4f0,0x0000000771d80000)
  from space 10240K, 97% used [0x0000000773e80000,0x000000077483cff8,0x0000000774880000)
  to   space 10752K, 0% used [0x0000000773380000,0x0000000773380000,0x0000000773e00000)
 ParOldGen       total 108544K, used 12315K [0x00000006c1c00000, 0x00000006c8600000, 0x000000076b400000)
  object space 108544K, 11% used [0x00000006c1c00000,0x00000006c2806fe0,0x00000006c8600000)
 Metaspace       used 32440K, capacity 35326K, committed 35416K, reserved 1079296K
  class space    used 3959K, capacity 4905K, committed 4992K, reserved 1048576K
Event: 89.046 GC heap after
Heap after GC invocations=6 (full 1):
 PSYoungGen      total 141312K, used 10724K [0x000000076b400000, 0x0000000777e80000, 0x00000007c0000000)
  eden space 130560K, 0% used [0x000000076b400000,0x000000076b400000,0x0000000773380000)
  from space 10752K, 99% used [0x0000000773380000,0x0000000773df91e8,0x0000000773e00000)
  to   space 18432K, 0% used [0x0000000776c80000,0x0000000776c80000,0x0000000777e80000)
 ParOldGen       total 108544K, used 12745K [0x00000006c1c00000, 0x00000006c8600000, 0x000000076b400000)
  object space 108544K, 11% used [0x00000006c1c00000,0x00000006c2872620,0x00000006c8600000)
 Metaspace       used 32440K, capacity 35326K, committed 35416K, reserved 1079296K
  class space    used 3959K, capacity 4905K, committed 4992K, reserved 1048576K
}
Event: 89.046 GC heap before
{Heap before GC invocations=7 (full 2):
 PSYoungGen      total 141312K, used 10724K [0x000000076b400000, 0x0000000777e80000, 0x00000007c0000000)
  eden space 130560K, 0% used [0x000000076b400000,0x000000076b400000,0x0000000773380000)
  from space 10752K, 99% used [0x0000000773380000,0x0000000773df91e8,0x0000000773e00000)
  to   space 18432K, 0% used [0x0000000776c80000,0x0000000776c80000,0x0000000777e80000)
 ParOldGen       total 108544K, used 12745K [0x00000006c1c00000, 0x00000006c8600000, 0x000000076b400000)
  object space 108544K, 11% used [0x00000006c1c00000,0x00000006c2872620,0x00000006c8600000)
 Metaspace       used 32440K, capacity 35326K, committed 35416K, reserved 1079296K
  class space    used 3959K, capacity 4905K, committed 4992K, reserved 1048576K
Event: 89.119 GC heap after
Heap after GC invocations=7 (full 2):
 PSYoungGen      total 141312K, used 0K [0x000000076b400000, 0x0000000777e80000, 0x00000007c0000000)
  eden space 130560K, 0% used [0x000000076b400000,0x000000076b400000,0x0000000773380000)
  from space 10752K, 0% used [0x0000000773380000,0x0000000773380000,0x0000000773e00000)
  to   space 18432K, 0% used [0x0000000776c80000,0x0000000776c80000,0x0000000777e80000)
 ParOldGen       total 142336K, used 20190K [0x00000006c1c00000, 0x00000006ca700000, 0x000000076b400000)
  object space 142336K, 14% used [0x00000006c1c00000,0x00000006c2fb7a40,0x00000006ca700000)
 Metaspace       used 32440K, capacity 35326K, committed 35416K, reserved 1079296K
  class space    used 3959K, capacity 4905K, committed 4992K, reserved 1048576K
}

