# JRE version: Java(TM) SE Runtime Environment (8.0_91-b15) (build 1.8.0_91-b15)
# Java VM: Java HotSpot(TM) 64-Bit Server VM (25.91-b15 mixed mode windows-amd64 compressed oops)
Heap:
 PSYoungGen      total 141312K, used 23941K [0x000000076b400000, 0x000000077a780000, 0x00000007c0000000)
  eden space 130560K, 18% used [0x000000076b400000,0x000000076cb61440,0x0000000773380000)
  from space 10752K, 0% used [0x0000000773380000,0x0000000773380000,0x0000000773e00000)
  to   space 20992K, 0% used [0x0000000779300000,0x0000000779300000,0x000000077a780000)
 ParOldGen       total 119296K, used 16217K [0x00000006c1c00000, 0x00000006c9080000, 0x000000076b400000)
  object space 119296K, 13% used [0x00000006c1c00000,0x00000006c2bd6690,0x00000006c9080000)
 Metaspace       used 36034K, capacity 39286K, committed 39512K, reserved 1083392K
  class space    used 4375K, capacity 5377K, committed 5504K, reserved 1048576K
GC Heap History (10 events):
Event: 4.304 GC heap before
{Heap before GC invocations=3 (full 0):
 PSYoungGen      total 76288K, used 42828K [0x000000076b400000, 0x0000000770900000, 0x00000007c0000000)
  eden space 65536K, 48% used [0x000000076b400000,0x000000076d357998,0x000000076f400000)
  from space 10752K, 99% used [0x000000076fe80000,0x00000007708fb858,0x0000000770900000)
  to   space 10752K, 0% used [0x000000076f400000,0x000000076f400000,0x000000076fe80000)
 ParOldGen       total 175104K, used 11791K [0x00000006c1c00000, 0x00000006cc700000, 0x000000076b400000)
  object space 175104K, 6% used [0x00000006c1c00000,0x00000006c2783ed8,0x00000006cc700000)
 Metaspace       used 19527K, capacity 21124K, committed 21248K, reserved 1067008K
  class space    used 2263K, capacity 2728K, committed 2816K, reserved 1048576K
Event: 4.331 GC heap after
Heap after GC invocations=3 (full 0):
 PSYoungGen      total 76288K, used 10734K [0x000000076b400000, 0x0000000774900000, 0x00000007c0000000)
  eden space 65536K, 0% used [0x000000076b400000,0x000000076b400000,0x000000076f400000)
  from space 10752K, 99% used [0x000000076f400000,0x000000076fe7bb40,0x000000076fe80000)
  to   space 10752K, 0% used [0x0000000773e80000,0x0000000773e80000,0x0000000774900000)
 ParOldGen       total 175104K, used 12622K [0x00000006c1c00000, 0x00000006cc700000, 0x000000076b400000)
  object space 175104K, 7% used [0x00000006c1c00000,0x00000006c2853968,0x00000006cc700000)
 Metaspace       used 19527K, capacity 21124K, committed 21248K, reserved 1067008K
  class space    used 2263K, capacity 2728K, committed 2816K, reserved 1048576K
}
Event: 4.331 GC heap before
{Heap before GC invocations=4 (full 1):
 PSYoungGen      total 76288K, used 10734K [0x000000076b400000, 0x0000000774900000, 0x00000007c0000000)
  eden space 65536K, 0% used [0x000000076b400000,0x000000076b400000,0x000000076f400000)
  from space 10752K, 99% used [0x000000076f400000,0x000000076fe7bb40,0x000000076fe80000)
  to   space 10752K, 0% used [0x0000000773e80000,0x0000000773e80000,0x0000000774900000)
 ParOldGen       total 175104K, used 12622K [0x00000006c1c00000, 0x00000006cc700000, 0x000000076b400000)
  object space 175104K, 7% used [0x00000006c1c00000,0x00000006c2853968,0x00000006cc700000)
 Metaspace       used 19527K, capacity 21124K, committed 21248K, reserved 1067008K
  class space    used 2263K, capacity 2728K, committed 2816K, reserved 1048576K
Event: 4.371 GC heap after
Heap after GC invocations=4 (full 1):
 PSYoungGen      total 76288K, used 0K [0x000000076b400000, 0x0000000774900000, 0x00000007c0000000)
  eden space 65536K, 0% used [0x000000076b400000,0x000000076b400000,0x000000076f400000)
  from space 10752K, 0% used [0x000000076f400000,0x000000076f400000,0x000000076fe80000)
  to   space 10752K, 0% used [0x0000000773e80000,0x0000000773e80000,0x0000000774900000)
 ParOldGen       total 97280K, used 11371K [0x00000006c1c00000, 0x00000006c7b00000, 0x000000076b400000)
  object space 97280K, 11% used [0x00000006c1c00000,0x00000006c271ae90,0x00000006c7b00000)
 Metaspace       used 19527K, capacity 21124K, committed 21248K, reserved 1067008K
  class space    used 2263K, capacity 2728K, committed 2816K, reserved 1048576K
}
Event: 5.194 GC heap before
{Heap before GC invocations=5 (full 1):
 PSYoungGen      total 76288K, used 65536K [0x000000076b400000, 0x0000000774900000, 0x00000007c0000000)
  eden space 65536K, 100% used [0x000000076b400000,0x000000076f400000,0x000000076f400000)
  from space 10752K, 0% used [0x000000076f400000,0x000000076f400000,0x000000076fe80000)
  to   space 10752K, 0% used [0x0000000773e80000,0x0000000773e80000,0x0000000774900000)
 ParOldGen       total 97280K, used 11371K [0x00000006c1c00000, 0x00000006c7b00000, 0x000000076b400000)
  object space 97280K, 11% used [0x00000006c1c00000,0x00000006c271ae90,0x00000006c7b00000)
 Metaspace       used 29521K, capacity 31640K, committed 32000K, reserved 1077248K
  class space    used 3525K, capacity 4246K, committed 4352K, reserved 1048576K
Event: 5.204 GC heap after
Heap after GC invocations=5 (full 1):
 PSYoungGen      total 128512K, used 9737K [0x000000076b400000, 0x0000000774880000, 0x00000007c0000000)
  eden space 118272K, 0% used [0x000000076b400000,0x000000076b400000,0x0000000772780000)
  from space 10240K, 95% used [0x0000000773e80000,0x0000000774802748,0x0000000774880000)
  to   space 10752K, 0% used [0x0000000773380000,0x0000000773380000,0x0000000773e00000)
 ParOldGen       total 97280K, used 11379K [0x00000006c1c00000, 0x00000006c7b00000, 0x000000076b400000)
  object space 97280K, 11% used [0x00000006c1c00000,0x00000006c271ce90,0x00000006c7b00000)
 Metaspace       used 29521K, capacity 31640K, committed 32000K, reserved 1077248K
  class space    used 3525K, capacity 4246K, committed 4352K, reserved 1048576K
}
Event: 16.301 GC heap before
{Heap before GC invocations=6 (full 1):
 PSYoungGen      total 128512K, used 67337K [0x000000076b400000, 0x0000000774880000, 0x00000007c0000000)
  eden space 118272K, 48% used [0x000000076b400000,0x000000076ec3ffc0,0x0000000772780000)
  from space 10240K, 95% used [0x0000000773e80000,0x0000000774802748,0x0000000774880000)
  to   space 10752K, 0% used [0x0000000773380000,0x0000000773380000,0x0000000773e00000)
 ParOldGen       total 97280K, used 11379K [0x00000006c1c00000, 0x00000006c7b00000, 0x000000076b400000)
  object space 97280K, 11% used [0x00000006c1c00000,0x00000006c271ce90,0x00000006c7b00000)
 Metaspace       used 32740K, capacity 35346K, committed 35416K, reserved 1079296K
  class space    used 3948K, capacity 4715K, committed 4736K, reserved 1048576K
Event: 16.308 GC heap after
Heap after GC invocations=6 (full 1):
 PSYoungGen      total 141312K, used 6980K [0x000000076b400000, 0x000000077a780000, 0x00000007c0000000)
  eden space 130560K, 0% used [0x000000076b400000,0x000000076b400000,0x0000000773380000)
  from space 10752K, 64% used [0x0000000773380000,0x0000000773a513a8,0x0000000773e00000)
  to   space 20992K, 0% used [0x0000000779300000,0x0000000779300000,0x000000077a780000)
 ParOldGen       total 97280K, used 11387K [0x00000006c1c00000, 0x00000006c7b00000, 0x000000076b400000)
  object space 97280K, 11% used [0x00000006c1c00000,0x00000006c271ee90,0x00000006c7b00000)
 Metaspace       used 32740K, capacity 35346K, committed 35416K, reserved 1079296K
  class space    used 3948K, capacity 4715K, committed 4736K, reserved 1048576K
}
Event: 16.308 GC heap before
{Heap before GC invocations=7 (full 2):
 PSYoungGen      total 141312K, used 6980K [0x000000076b400000, 0x000000077a780000, 0x00000007c0000000)
  eden space 130560K, 0% used [0x000000076b400000,0x000000076b400000,0x0000000773380000)
  from space 10752K, 64% used [0x0000000773380000,0x0000000773a513a8,0x0000000773e00000)
  to   space 20992K, 0% used [0x0000000779300000,0x0000000779300000,0x000000077a780000)
 ParOldGen       total 97280K, used 11387K [0x00000006c1c00000, 0x00000006c7b00000, 0x000000076b400000)
  object space 97280K, 11% used [0x00000006c1c00000,0x00000006c271ee90,0x00000006c7b00000)
 Metaspace       used 32740K, capacity 35346K, committed 35416K, reserved 1079296K
  class space    used 3948K, capacity 4715K, committed 4736K, reserved 1048576K
Event: 16.387 GC heap after
Heap after GC invocations=7 (full 2):
 PSYoungGen      total 141312K, used 0K [0x000000076b400000, 0x000000077a780000, 0x00000007c0000000)
  eden space 130560K, 0% used [0x000000076b400000,0x000000076b400000,0x0000000773380000)
  from space 10752K, 0% used [0x0000000773380000,0x0000000773380000,0x0000000773e00000)
  to   space 20992K, 0% used [0x0000000779300000,0x0000000779300000,0x000000077a780000)
 ParOldGen       total 119296K, used 16217K [0x00000006c1c00000, 0x00000006c9080000, 0x000000076b400000)
  object space 119296K, 13% used [0x00000006c1c00000,0x00000006c2bd6690,0x00000006c9080000)
 Metaspace       used 32740K, capacity 35346K, committed 35416K, reserved 1079296K
  class space    used 3948K, capacity 4715K, committed 4736K, reserved 1048576K
}

