# JRE version: Java(TM) SE Runtime Environment (8.0_74-b02) (build 1.8.0_74-b02)
# Java VM: Java HotSpot(TM) 64-Bit Server VM (25.74-b02 mixed mode bsd-amd64 compressed oops)
Heap:
 PSYoungGen      total 105472K, used 105222K [0x0000000795580000, 0x000000079e880000, 0x00000007c0000000)
  eden space 98816K, 100% used [0x0000000795580000,0x000000079b600000,0x000000079b600000)
  from space 6656K, 96% used [0x000000079e200000,0x000000079e841b60,0x000000079e880000)
  to   space 11776K, 0% used [0x000000079d180000,0x000000079d180000,0x000000079dd00000)
 ParOldGen       total 102912K, used 17077K [0x0000000740000000, 0x0000000746480000, 0x0000000795580000)
  object space 102912K, 16% used [0x0000000740000000,0x00000007410ad618,0x0000000746480000)
 Metaspace       used 39169K, capacity 42352K, committed 42496K, reserved 1085440K
  class space    used 4591K, capacity 5567K, committed 5632K, reserved 1048576K
GC Heap History (10 events):
Event: 6.560 GC heap before
{Heap before GC invocations=6 (full 1):
 PSYoungGen      total 71680K, used 66560K [0x0000000795580000, 0x000000079a080000, 0x00000007c0000000)
  eden space 66560K, 100% used [0x0000000795580000,0x0000000799680000,0x0000000799680000)
  from space 5120K, 0% used [0x0000000799b80000,0x0000000799b80000,0x000000079a080000)
  to   space 5120K, 0% used [0x0000000799680000,0x0000000799680000,0x0000000799b80000)
 ParOldGen       total 67072K, used 12267K [0x0000000740000000, 0x0000000744180000, 0x0000000795580000)
  object space 67072K, 18% used [0x0000000740000000,0x0000000740bfaef8,0x0000000744180000)
 Metaspace       used 28732K, capacity 30662K, committed 30976K, reserved 1077248K
  class space    used 3422K, capacity 4046K, committed 4096K, reserved 1048576K
Event: 6.574 GC heap after
Heap after GC invocations=6 (full 1):
 PSYoungGen      total 71680K, used 5089K [0x0000000795580000, 0x000000079d100000, 0x00000007c0000000)
  eden space 66560K, 0% used [0x0000000795580000,0x0000000795580000,0x0000000799680000)
  from space 5120K, 99% used [0x0000000799680000,0x0000000799b78660,0x0000000799b80000)
  to   space 11776K, 0% used [0x000000079c580000,0x000000079c580000,0x000000079d100000)
 ParOldGen       total 67072K, used 15767K [0x0000000740000000, 0x0000000744180000, 0x0000000795580000)
  object space 67072K, 23% used [0x0000000740000000,0x0000000740f65fa8,0x0000000744180000)
 Metaspace       used 28732K, capacity 30662K, committed 30976K, reserved 1077248K
  class space    used 3422K, capacity 4046K, committed 4096K, reserved 1048576K
}
Event: 7.591 GC heap before
{Heap before GC invocations=7 (full 1):
 PSYoungGen      total 71680K, used 54201K [0x0000000795580000, 0x000000079d100000, 0x00000007c0000000)
  eden space 66560K, 73% used [0x0000000795580000,0x0000000798575df0,0x0000000799680000)
  from space 5120K, 99% used [0x0000000799680000,0x0000000799b78660,0x0000000799b80000)
  to   space 11776K, 0% used [0x000000079c580000,0x000000079c580000,0x000000079d100000)
 ParOldGen       total 67072K, used 15767K [0x0000000740000000, 0x0000000744180000, 0x0000000795580000)
  object space 67072K, 23% used [0x0000000740000000,0x0000000740f65fa8,0x0000000744180000)
 Metaspace       used 33326K, capacity 35376K, committed 35496K, reserved 1081344K
  class space    used 3935K, capacity 4608K, committed 4608K, reserved 1048576K
Event: 7.602 GC heap after
Heap after GC invocations=7 (full 1):
 PSYoungGen      total 111616K, used 7560K [0x0000000795580000, 0x000000079cf80000, 0x00000007c0000000)
  eden space 101376K, 0% used [0x0000000795580000,0x0000000795580000,0x000000079b880000)
  from space 10240K, 73% used [0x000000079c580000,0x000000079cce2028,0x000000079cf80000)
  to   space 11776K, 0% used [0x000000079b880000,0x000000079b880000,0x000000079c400000)
 ParOldGen       total 67072K, used 15775K [0x0000000740000000, 0x0000000744180000, 0x0000000795580000)
  object space 67072K, 23% used [0x0000000740000000,0x0000000740f67fa8,0x0000000744180000)
 Metaspace       used 33326K, capacity 35376K, committed 35496K, reserved 1081344K
  class space    used 3935K, capacity 4608K, committed 4608K, reserved 1048576K
}
Event: 7.602 GC heap before
{Heap before GC invocations=8 (full 2):
 PSYoungGen      total 111616K, used 7560K [0x0000000795580000, 0x000000079cf80000, 0x00000007c0000000)
  eden space 101376K, 0% used [0x0000000795580000,0x0000000795580000,0x000000079b880000)
  from space 10240K, 73% used [0x000000079c580000,0x000000079cce2028,0x000000079cf80000)
  to   space 11776K, 0% used [0x000000079b880000,0x000000079b880000,0x000000079c400000)
 ParOldGen       total 67072K, used 15775K [0x0000000740000000, 0x0000000744180000, 0x0000000795580000)
  object space 67072K, 23% used [0x0000000740000000,0x0000000740f67fa8,0x0000000744180000)
 Metaspace       used 33326K, capacity 35376K, committed 35496K, reserved 1081344K
  class space    used 3935K, capacity 4608K, committed 4608K, reserved 1048576K
Event: 7.717 GC heap after
Heap after GC invocations=8 (full 2):
 PSYoungGen      total 111616K, used 0K [0x0000000795580000, 0x000000079cf80000, 0x00000007c0000000)
  eden space 101376K, 0% used [0x0000000795580000,0x0000000795580000,0x000000079b880000)
  from space 10240K, 0% used [0x000000079c580000,0x000000079c580000,0x000000079cf80000)
  to   space 11776K, 0% used [0x000000079b880000,0x000000079b880000,0x000000079c400000)
 ParOldGen       total 102912K, used 17061K [0x0000000740000000, 0x0000000746480000, 0x0000000795580000)
  object space 102912K, 16% used [0x0000000740000000,0x00000007410a9618,0x0000000746480000)
 Metaspace       used 33326K, capacity 35376K, committed 35496K, reserved 1081344K
  class space    used 3935K, capacity 4608K, committed 4608K, reserved 1048576K
}
Event: 17.253 GC heap before
{Heap before GC invocations=9 (full 2):
 PSYoungGen      total 111616K, used 101376K [0x0000000795580000, 0x000000079cf80000, 0x00000007c0000000)
  eden space 101376K, 100% used [0x0000000795580000,0x000000079b880000,0x000000079b880000)
  from space 10240K, 0% used [0x000000079c580000,0x000000079c580000,0x000000079cf80000)
  to   space 11776K, 0% used [0x000000079b880000,0x000000079b880000,0x000000079c400000)
 ParOldGen       total 102912K, used 17061K [0x0000000740000000, 0x0000000746480000, 0x0000000795580000)
  object space 102912K, 16% used [0x0000000740000000,0x00000007410a9618,0x0000000746480000)
 Metaspace       used 38710K, capacity 41924K, committed 42240K, reserved 1085440K
  class space    used 4571K, capacity 5523K, committed 5632K, reserved 1048576K
Event: 17.277 GC heap after
Heap after GC invocations=9 (full 2):
 PSYoungGen      total 113152K, used 7445K [0x0000000795580000, 0x000000079ed80000, 0x00000007c0000000)
  eden space 101376K, 0% used [0x0000000795580000,0x0000000795580000,0x000000079b880000)
  from space 11776K, 63% used [0x000000079b880000,0x000000079bfc55d0,0x000000079c400000)
  to   space 11776K, 0% used [0x000000079e200000,0x000000079e200000,0x000000079ed80000)
 ParOldGen       total 102912K, used 17069K [0x0000000740000000, 0x0000000746480000, 0x0000000795580000)
  object space 102912K, 16% used [0x0000000740000000,0x00000007410ab618,0x0000000746480000)
 Metaspace       used 38710K, capacity 41924K, committed 42240K, reserved 1085440K
  class space    used 4571K, capacity 5523K, committed 5632K, reserved 1048576K
}
Event: 1569.604 GC heap before
{Heap before GC invocations=10 (full 2):
 PSYoungGen      total 113152K, used 108821K [0x0000000795580000, 0x000000079ed80000, 0x00000007c0000000)
  eden space 101376K, 100% used [0x0000000795580000,0x000000079b880000,0x000000079b880000)
  from space 11776K, 63% used [0x000000079b880000,0x000000079bfc55d0,0x000000079c400000)
  to   space 11776K, 0% used [0x000000079e200000,0x000000079e200000,0x000000079ed80000)
 ParOldGen       total 102912K, used 17069K [0x0000000740000000, 0x0000000746480000, 0x0000000795580000)
  object space 102912K, 16% used [0x0000000740000000,0x00000007410ab618,0x0000000746480000)
 Metaspace       used 39069K, capacity 42218K, committed 42496K, reserved 1085440K
  class space    used 4587K, capacity 5566K, committed 5632K, reserved 1048576K
Event: 1569.632 GC heap after
Heap after GC invocations=10 (full 2):
 PSYoungGen      total 105472K, used 6406K [0x0000000795580000, 0x000000079e880000, 0x00000007c0000000)
  eden space 98816K, 0% used [0x0000000795580000,0x0000000795580000,0x000000079b600000)
  from space 6656K, 96% used [0x000000079e200000,0x000000079e841b60,0x000000079e880000)
  to   space 11776K, 0% used [0x000000079d180000,0x000000079d180000,0x000000079dd00000)
 ParOldGen       total 102912K, used 17077K [0x0000000740000000, 0x0000000746480000, 0x0000000795580000)
  object space 102912K, 16% used [0x0000000740000000,0x00000007410ad618,0x0000000746480000)
 Metaspace       used 39069K, capacity 42218K, committed 42496K, reserved 1085440K
  class space    used 4587K, capacity 5566K, committed 5632K, reserved 1048576K
}

