# JRE version: Java(TM) SE Runtime Environment (8.0_74-b02) (build 1.8.0_74-b02)
# Java VM: Java HotSpot(TM) 64-Bit Server VM (25.74-b02 mixed mode bsd-amd64 compressed oops)
Heap:
 PSYoungGen      total 186368K, used 4166K [0x0000000795580000, 0x00000007a2900000, 0x00000007c0000000)
  eden space 165376K, 2% used [0x0000000795580000,0x0000000795991b10,0x000000079f700000)
  from space 20992K, 0% used [0x00000007a1100000,0x00000007a1100000,0x00000007a2580000)
  to   space 25600K, 0% used [0x000000079f700000,0x000000079f700000,0x00000007a1000000)
 ParOldGen       total 142336K, used 29350K [0x0000000740000000, 0x0000000748b00000, 0x0000000795580000)
  object space 142336K, 20% used [0x0000000740000000,0x0000000741ca9990,0x0000000748b00000)
 Metaspace       used 55174K, capacity 59164K, committed 59392K, reserved 1101824K
  class space    used 6664K, capacity 7911K, committed 7936K, reserved 1048576K
GC Heap History (10 events):
Event: 7.431 GC heap before
{Heap before GC invocations=9 (full 2):
 PSYoungGen      total 109056K, used 98304K [0x0000000795580000, 0x000000079cf80000, 0x00000007c0000000)
  eden space 98304K, 100% used [0x0000000795580000,0x000000079b580000,0x000000079b580000)
  from space 10752K, 0% used [0x000000079c500000,0x000000079c500000,0x000000079cf80000)
  to   space 13312K, 0% used [0x000000079b580000,0x000000079b580000,0x000000079c280000)
 ParOldGen       total 101376K, used 16765K [0x0000000740000000, 0x0000000746300000, 0x0000000795580000)
  object space 101376K, 16% used [0x0000000740000000,0x000000074105f6d0,0x0000000746300000)
 Metaspace       used 38963K, capacity 41772K, committed 41856K, reserved 1085440K
  class space    used 4598K, capacity 5468K, committed 5504K, reserved 1048576K
Event: 7.473 GC heap after
Heap after GC invocations=9 (full 2):
 PSYoungGen      total 111616K, used 8195K [0x0000000795580000, 0x000000079f980000, 0x00000007c0000000)
  eden space 98304K, 0% used [0x0000000795580000,0x0000000795580000,0x000000079b580000)
  from space 13312K, 61% used [0x000000079b580000,0x000000079bd80f78,0x000000079c280000)
  to   space 12800K, 0% used [0x000000079ed00000,0x000000079ed00000,0x000000079f980000)
 ParOldGen       total 101376K, used 16773K [0x0000000740000000, 0x0000000746300000, 0x0000000795580000)
  object space 101376K, 16% used [0x0000000740000000,0x00000007410616d0,0x0000000746300000)
 Metaspace       used 38963K, capacity 41772K, committed 41856K, reserved 1085440K
  class space    used 4598K, capacity 5468K, committed 5504K, reserved 1048576K
}
Event: 9.606 GC heap before
{Heap before GC invocations=10 (full 2):
 PSYoungGen      total 111616K, used 106343K [0x0000000795580000, 0x000000079f980000, 0x00000007c0000000)
  eden space 98304K, 99% used [0x0000000795580000,0x000000079b558f38,0x000000079b580000)
  from space 13312K, 61% used [0x000000079b580000,0x000000079bd80f78,0x000000079c280000)
  to   space 12800K, 0% used [0x000000079ed00000,0x000000079ed00000,0x000000079f980000)
 ParOldGen       total 101376K, used 16773K [0x0000000740000000, 0x0000000746300000, 0x0000000795580000)
  object space 101376K, 16% used [0x0000000740000000,0x00000007410616d0,0x0000000746300000)
 Metaspace       used 45119K, capacity 48208K, committed 48512K, reserved 1091584K
  class space    used 5501K, capacity 6441K, committed 6528K, reserved 1048576K
Event: 9.636 GC heap after
Heap after GC invocations=10 (full 2):
 PSYoungGen      total 150528K, used 12790K [0x0000000795580000, 0x00000007a0000000, 0x00000007c0000000)
  eden space 137728K, 0% used [0x0000000795580000,0x0000000795580000,0x000000079dc00000)
  from space 12800K, 99% used [0x000000079ed00000,0x000000079f97da08,0x000000079f980000)
  to   space 17408K, 0% used [0x000000079dc00000,0x000000079dc00000,0x000000079ed00000)
 ParOldGen       total 101376K, used 24471K [0x0000000740000000, 0x0000000746300000, 0x0000000795580000)
  object space 101376K, 24% used [0x0000000740000000,0x00000007417e5d68,0x0000000746300000)
 Metaspace       used 45119K, capacity 48208K, committed 48512K, reserved 1091584K
  class space    used 5501K, capacity 6441K, committed 6528K, reserved 1048576K
}
Event: 14.391 GC heap before
{Heap before GC invocations=11 (full 2):
 PSYoungGen      total 150528K, used 150518K [0x0000000795580000, 0x00000007a0000000, 0x00000007c0000000)
  eden space 137728K, 100% used [0x0000000795580000,0x000000079dc00000,0x000000079dc00000)
  from space 12800K, 99% used [0x000000079ed00000,0x000000079f97da08,0x000000079f980000)
  to   space 17408K, 0% used [0x000000079dc00000,0x000000079dc00000,0x000000079ed00000)
 ParOldGen       total 101376K, used 24471K [0x0000000740000000, 0x0000000746300000, 0x0000000795580000)
  object space 101376K, 24% used [0x0000000740000000,0x00000007417e5d68,0x0000000746300000)
 Metaspace       used 46916K, capacity 50060K, committed 50176K, reserved 1093632K
  class space    used 5621K, capacity 6565K, committed 6656K, reserved 1048576K
Event: 14.450 GC heap after
Heap after GC invocations=11 (full 2):
 PSYoungGen      total 155136K, used 17376K [0x0000000795580000, 0x00000007a2580000, 0x00000007c0000000)
  eden space 137728K, 0% used [0x0000000795580000,0x0000000795580000,0x000000079dc00000)
  from space 17408K, 99% used [0x000000079dc00000,0x000000079ecf83b0,0x000000079ed00000)
  to   space 20992K, 0% used [0x00000007a1100000,0x00000007a1100000,0x00000007a2580000)
 ParOldGen       total 101376K, used 27374K [0x0000000740000000, 0x0000000746300000, 0x0000000795580000)
  object space 101376K, 27% used [0x0000000740000000,0x0000000741abba58,0x0000000746300000)
 Metaspace       used 46916K, capacity 50060K, committed 50176K, reserved 1093632K
  class space    used 5621K, capacity 6565K, committed 6656K, reserved 1048576K
}
Event: 120.679 GC heap before
{Heap before GC invocations=12 (full 2):
 PSYoungGen      total 155136K, used 115606K [0x0000000795580000, 0x00000007a2580000, 0x00000007c0000000)
  eden space 137728K, 71% used [0x0000000795580000,0x000000079b56d628,0x000000079dc00000)
  from space 17408K, 99% used [0x000000079dc00000,0x000000079ecf83b0,0x000000079ed00000)
  to   space 20992K, 0% used [0x00000007a1100000,0x00000007a1100000,0x00000007a2580000)
 ParOldGen       total 101376K, used 27374K [0x0000000740000000, 0x0000000746300000, 0x0000000795580000)
  object space 101376K, 27% used [0x0000000740000000,0x0000000741abba58,0x0000000746300000)
 Metaspace       used 55148K, capacity 59098K, committed 59136K, reserved 1099776K
  class space    used 6661K, capacity 7909K, committed 7936K, reserved 1048576K
Event: 120.737 GC heap after
Heap after GC invocations=12 (full 2):
 PSYoungGen      total 186368K, used 20976K [0x0000000795580000, 0x00000007a2900000, 0x00000007c0000000)
  eden space 165376K, 0% used [0x0000000795580000,0x0000000795580000,0x000000079f700000)
  from space 20992K, 99% used [0x00000007a1100000,0x00000007a257c3c0,0x00000007a2580000)
  to   space 25600K, 0% used [0x000000079f700000,0x000000079f700000,0x00000007a1000000)
 ParOldGen       total 101376K, used 33378K [0x0000000740000000, 0x0000000746300000, 0x0000000795580000)
  object space 101376K, 32% used [0x0000000740000000,0x0000000742098a58,0x0000000746300000)
 Metaspace       used 55148K, capacity 59098K, committed 59136K, reserved 1099776K
  class space    used 6661K, capacity 7909K, committed 7936K, reserved 1048576K
}
Event: 120.737 GC heap before
{Heap before GC invocations=13 (full 3):
 PSYoungGen      total 186368K, used 20976K [0x0000000795580000, 0x00000007a2900000, 0x00000007c0000000)
  eden space 165376K, 0% used [0x0000000795580000,0x0000000795580000,0x000000079f700000)
  from space 20992K, 99% used [0x00000007a1100000,0x00000007a257c3c0,0x00000007a2580000)
  to   space 25600K, 0% used [0x000000079f700000,0x000000079f700000,0x00000007a1000000)
 ParOldGen       total 101376K, used 33378K [0x0000000740000000, 0x0000000746300000, 0x0000000795580000)
  object space 101376K, 32% used [0x0000000740000000,0x0000000742098a58,0x0000000746300000)
 Metaspace       used 55148K, capacity 59098K, committed 59136K, reserved 1099776K
  class space    used 6661K, capacity 7909K, committed 7936K, reserved 1048576K
Event: 121.091 GC heap after
Heap after GC invocations=13 (full 3):
 PSYoungGen      total 186368K, used 0K [0x0000000795580000, 0x00000007a2900000, 0x00000007c0000000)
  eden space 165376K, 0% used [0x0000000795580000,0x0000000795580000,0x000000079f700000)
  from space 20992K, 0% used [0x00000007a1100000,0x00000007a1100000,0x00000007a2580000)
  to   space 25600K, 0% used [0x000000079f700000,0x000000079f700000,0x00000007a1000000)
 ParOldGen       total 142336K, used 29350K [0x0000000740000000, 0x0000000748b00000, 0x0000000795580000)
  object space 142336K, 20% used [0x0000000740000000,0x0000000741ca9990,0x0000000748b00000)
 Metaspace       used 55148K, capacity 59098K, committed 59136K, reserved 1099776K
  class space    used 6661K, capacity 7909K, committed 7936K, reserved 1048576K
}

