# JRE version: Java(TM) SE Runtime Environment (8.0_74-b02) (build 1.8.0_74-b02)
# Java VM: Java HotSpot(TM) 64-Bit Server VM (25.74-b02 mixed mode bsd-amd64 compressed oops)
Heap:
 PSYoungGen      total 142336K, used 77352K [0x0000000795580000, 0x00000007a2f80000, 0x00000007c0000000)
  eden space 131072K, 59% used [0x0000000795580000,0x000000079a10a008,0x000000079d580000)
  from space 11264K, 0% used [0x000000079d580000,0x000000079d580000,0x000000079e080000)
  to   space 11264K, 0% used [0x00000007a2480000,0x00000007a2480000,0x00000007a2f80000)
 ParOldGen       total 79872K, used 14848K [0x0000000740000000, 0x0000000744e00000, 0x0000000795580000)
  object space 79872K, 18% used [0x0000000740000000,0x0000000740e801f0,0x0000000744e00000)
 Metaspace       used 41284K, capacity 44692K, committed 44840K, reserved 1087488K
  class space    used 5071K, capacity 6149K, committed 6184K, reserved 1048576K
GC Heap History (10 events):
Event: 3.858 GC heap before
{Heap before GC invocations=5 (full 0):
 PSYoungGen      total 71680K, used 11680K [0x0000000795580000, 0x000000079a080000, 0x00000007c0000000)
  eden space 66560K, 9% used [0x0000000795580000,0x0000000795be8df8,0x0000000799680000)
  from space 5120K, 99% used [0x0000000799b80000,0x000000079a07f548,0x000000079a080000)
  to   space 5120K, 0% used [0x0000000799680000,0x0000000799680000,0x0000000799b80000)
 ParOldGen       total 87552K, used 11841K [0x0000000740000000, 0x0000000745580000, 0x0000000795580000)
  object space 87552K, 13% used [0x0000000740000000,0x0000000740b90460,0x0000000745580000)
 Metaspace       used 19570K, capacity 21172K, committed 21296K, reserved 1069056K
  class space    used 2227K, capacity 2657K, committed 2688K, reserved 1048576K
Event: 3.871 GC heap after
Heap after GC invocations=5 (full 0):
 PSYoungGen      total 71680K, used 5117K [0x0000000795580000, 0x000000079ec80000, 0x00000007c0000000)
  eden space 66560K, 0% used [0x0000000795580000,0x0000000795580000,0x0000000799680000)
  from space 5120K, 99% used [0x0000000799680000,0x0000000799b7f7c0,0x0000000799b80000)
  to   space 10752K, 0% used [0x000000079e200000,0x000000079e200000,0x000000079ec80000)
 ParOldGen       total 87552K, used 13659K [0x0000000740000000, 0x0000000745580000, 0x0000000795580000)
  object space 87552K, 15% used [0x0000000740000000,0x0000000740d56f88,0x0000000745580000)
 Metaspace       used 19570K, capacity 21172K, committed 21296K, reserved 1069056K
  class space    used 2227K, capacity 2657K, committed 2688K, reserved 1048576K
}
Event: 3.871 GC heap before
{Heap before GC invocations=6 (full 1):
 PSYoungGen      total 71680K, used 5117K [0x0000000795580000, 0x000000079ec80000, 0x00000007c0000000)
  eden space 66560K, 0% used [0x0000000795580000,0x0000000795580000,0x0000000799680000)
  from space 5120K, 99% used [0x0000000799680000,0x0000000799b7f7c0,0x0000000799b80000)
  to   space 10752K, 0% used [0x000000079e200000,0x000000079e200000,0x000000079ec80000)
 ParOldGen       total 87552K, used 13659K [0x0000000740000000, 0x0000000745580000, 0x0000000795580000)
  object space 87552K, 15% used [0x0000000740000000,0x0000000740d56f88,0x0000000745580000)
 Metaspace       used 19570K, capacity 21172K, committed 21296K, reserved 1069056K
  class space    used 2227K, capacity 2657K, committed 2688K, reserved 1048576K
Event: 3.916 GC heap after
Heap after GC invocations=6 (full 1):
 PSYoungGen      total 71680K, used 0K [0x0000000795580000, 0x000000079ec80000, 0x00000007c0000000)
  eden space 66560K, 0% used [0x0000000795580000,0x0000000795580000,0x0000000799680000)
  from space 5120K, 0% used [0x0000000799680000,0x0000000799680000,0x0000000799b80000)
  to   space 10752K, 0% used [0x000000079e200000,0x000000079e200000,0x000000079ec80000)
 ParOldGen       total 55808K, used 9465K [0x0000000740000000, 0x0000000743680000, 0x0000000795580000)
  object space 55808K, 16% used [0x0000000740000000,0x000000074093e5f0,0x0000000743680000)
 Metaspace       used 19570K, capacity 21172K, committed 21296K, reserved 1069056K
  class space    used 2227K, capacity 2657K, committed 2688K, reserved 1048576K
}
Event: 5.635 GC heap before
{Heap before GC invocations=7 (full 1):
 PSYoungGen      total 71680K, used 66560K [0x0000000795580000, 0x000000079ec80000, 0x00000007c0000000)
  eden space 66560K, 100% used [0x0000000795580000,0x0000000799680000,0x0000000799680000)
  from space 5120K, 0% used [0x0000000799680000,0x0000000799680000,0x0000000799b80000)
  to   space 10752K, 0% used [0x000000079e200000,0x000000079e200000,0x000000079ec80000)
 ParOldGen       total 55808K, used 9465K [0x0000000740000000, 0x0000000743680000, 0x0000000795580000)
  object space 55808K, 16% used [0x0000000740000000,0x000000074093e5f0,0x0000000743680000)
 Metaspace       used 29625K, capacity 31750K, committed 31872K, reserved 1077248K
  class space    used 3493K, capacity 4177K, committed 4224K, reserved 1048576K
Event: 5.650 GC heap after
Heap after GC invocations=7 (full 1):
 PSYoungGen      total 125952K, used 9436K [0x0000000795580000, 0x000000079eb80000, 0x00000007c0000000)
  eden space 116224K, 0% used [0x0000000795580000,0x0000000795580000,0x000000079c700000)
  from space 9728K, 97% used [0x000000079e200000,0x000000079eb37260,0x000000079eb80000)
  to   space 11264K, 0% used [0x000000079d580000,0x000000079d580000,0x000000079e080000)
 ParOldGen       total 55808K, used 9473K [0x0000000740000000, 0x0000000743680000, 0x0000000795580000)
  object space 55808K, 16% used [0x0000000740000000,0x00000007409405f0,0x0000000743680000)
 Metaspace       used 29625K, capacity 31750K, committed 31872K, reserved 1077248K
  class space    used 3493K, capacity 4177K, committed 4224K, reserved 1048576K
}
Event: 6.484 GC heap before
{Heap before GC invocations=8 (full 1):
 PSYoungGen      total 125952K, used 53135K [0x0000000795580000, 0x000000079eb80000, 0x00000007c0000000)
  eden space 116224K, 37% used [0x0000000795580000,0x000000079802cd10,0x000000079c700000)
  from space 9728K, 97% used [0x000000079e200000,0x000000079eb37260,0x000000079eb80000)
  to   space 11264K, 0% used [0x000000079d580000,0x000000079d580000,0x000000079e080000)
 ParOldGen       total 55808K, used 9473K [0x0000000740000000, 0x0000000743680000, 0x0000000795580000)
  object space 55808K, 16% used [0x0000000740000000,0x00000007409405f0,0x0000000743680000)
 Metaspace       used 32746K, capacity 35386K, committed 35496K, reserved 1079296K
  class space    used 3947K, capacity 4746K, committed 4776K, reserved 1048576K
Event: 6.503 GC heap after
Heap after GC invocations=8 (full 1):
 PSYoungGen      total 142336K, used 6372K [0x0000000795580000, 0x00000007a2f80000, 0x00000007c0000000)
  eden space 131072K, 0% used [0x0000000795580000,0x0000000795580000,0x000000079d580000)
  from space 11264K, 56% used [0x000000079d580000,0x000000079dbb91d0,0x000000079e080000)
  to   space 11264K, 0% used [0x00000007a2480000,0x00000007a2480000,0x00000007a2f80000)
 ParOldGen       total 55808K, used 9481K [0x0000000740000000, 0x0000000743680000, 0x0000000795580000)
  object space 55808K, 16% used [0x0000000740000000,0x00000007409425f0,0x0000000743680000)
 Metaspace       used 32746K, capacity 35386K, committed 35496K, reserved 1079296K
  class space    used 3947K, capacity 4746K, committed 4776K, reserved 1048576K
}
Event: 6.503 GC heap before
{Heap before GC invocations=9 (full 2):
 PSYoungGen      total 142336K, used 6372K [0x0000000795580000, 0x00000007a2f80000, 0x00000007c0000000)
  eden space 131072K, 0% used [0x0000000795580000,0x0000000795580000,0x000000079d580000)
  from space 11264K, 56% used [0x000000079d580000,0x000000079dbb91d0,0x000000079e080000)
  to   space 11264K, 0% used [0x00000007a2480000,0x00000007a2480000,0x00000007a2f80000)
 ParOldGen       total 55808K, used 9481K [0x0000000740000000, 0x0000000743680000, 0x0000000795580000)
  object space 55808K, 16% used [0x0000000740000000,0x00000007409425f0,0x0000000743680000)
 Metaspace       used 32746K, capacity 35386K, committed 35496K, reserved 1079296K
  class space    used 3947K, capacity 4746K, committed 4776K, reserved 1048576K
Event: 6.598 GC heap after
Heap after GC invocations=9 (full 2):
 PSYoungGen      total 142336K, used 0K [0x0000000795580000, 0x00000007a2f80000, 0x00000007c0000000)
  eden space 131072K, 0% used [0x0000000795580000,0x0000000795580000,0x000000079d580000)
  from space 11264K, 0% used [0x000000079d580000,0x000000079d580000,0x000000079e080000)
  to   space 11264K, 0% used [0x00000007a2480000,0x00000007a2480000,0x00000007a2f80000)
 ParOldGen       total 79872K, used 14848K [0x0000000740000000, 0x0000000744e00000, 0x0000000795580000)
  object space 79872K, 18% used [0x0000000740000000,0x0000000740e801f0,0x0000000744e00000)
 Metaspace       used 32746K, capacity 35386K, committed 35496K, reserved 1079296K
  class space    used 3947K, capacity 4746K, committed 4776K, reserved 1048576K
}

