# JRE version: Java(TM) SE Runtime Environment (8.0_74-b02) (build 1.8.0_74-b02)
# Java VM: Java HotSpot(TM) 64-Bit Server VM (25.74-b02 mixed mode bsd-amd64 compressed oops)
Heap:
 PSYoungGen      total 138240K, used 74677K [0x0000000795580000, 0x000000079f400000, 0x00000007c0000000)
  eden space 133120K, 56% used [0x0000000795580000,0x0000000799e6d628,0x000000079d780000)
  from space 5120K, 0% used [0x000000079d780000,0x000000079d780000,0x000000079dc80000)
  to   space 13312K, 0% used [0x000000079e700000,0x000000079e700000,0x000000079f400000)
 ParOldGen       total 97792K, used 14665K [0x0000000740000000, 0x0000000745f80000, 0x0000000795580000)
  object space 97792K, 14% used [0x0000000740000000,0x0000000740e52618,0x0000000745f80000)
 Metaspace       used 37707K, capacity 40951K, committed 41128K, reserved 1085440K
  class space    used 4497K, capacity 5529K, committed 5552K, reserved 1048576K
GC Heap History (10 events):
Event: 2.752 GC heap before
{Heap before GC invocations=3 (full 0):
 PSYoungGen      total 71680K, used 48290K [0x0000000795580000, 0x000000079a080000, 0x00000007c0000000)
  eden space 66560K, 64% used [0x0000000795580000,0x0000000797fb03e8,0x0000000799680000)
  from space 5120K, 99% used [0x0000000799b80000,0x000000079a078740,0x000000079a080000)
  to   space 5120K, 0% used [0x0000000799680000,0x0000000799680000,0x0000000799b80000)
 ParOldGen       total 87552K, used 2917K [0x0000000740000000, 0x0000000745580000, 0x0000000795580000)
  object space 87552K, 3% used [0x0000000740000000,0x00000007402d9598,0x0000000745580000)
 Metaspace       used 19494K, capacity 21153K, committed 21296K, reserved 1067008K
  class space    used 2318K, capacity 2864K, committed 2864K, reserved 1048576K
Event: 2.767 GC heap after
Heap after GC invocations=3 (full 0):
 PSYoungGen      total 71680K, used 5089K [0x0000000795580000, 0x000000079e180000, 0x00000007c0000000)
  eden space 66560K, 0% used [0x0000000795580000,0x0000000795580000,0x0000000799680000)
  from space 5120K, 99% used [0x0000000799680000,0x0000000799b78710,0x0000000799b80000)
  to   space 5120K, 0% used [0x000000079dc80000,0x000000079dc80000,0x000000079e180000)
 ParOldGen       total 87552K, used 10052K [0x0000000740000000, 0x0000000745580000, 0x0000000795580000)
  object space 87552K, 11% used [0x0000000740000000,0x00000007409d10d0,0x0000000745580000)
 Metaspace       used 19494K, capacity 21153K, committed 21296K, reserved 1067008K
  class space    used 2318K, capacity 2864K, committed 2864K, reserved 1048576K
}
Event: 2.767 GC heap before
{Heap before GC invocations=4 (full 1):
 PSYoungGen      total 71680K, used 5089K [0x0000000795580000, 0x000000079e180000, 0x00000007c0000000)
  eden space 66560K, 0% used [0x0000000795580000,0x0000000795580000,0x0000000799680000)
  from space 5120K, 99% used [0x0000000799680000,0x0000000799b78710,0x0000000799b80000)
  to   space 5120K, 0% used [0x000000079dc80000,0x000000079dc80000,0x000000079e180000)
 ParOldGen       total 87552K, used 10052K [0x0000000740000000, 0x0000000745580000, 0x0000000795580000)
  object space 87552K, 11% used [0x0000000740000000,0x00000007409d10d0,0x0000000745580000)
 Metaspace       used 19494K, capacity 21153K, committed 21296K, reserved 1067008K
  class space    used 2318K, capacity 2864K, committed 2864K, reserved 1048576K
Event: 2.818 GC heap after
Heap after GC invocations=4 (full 1):
 PSYoungGen      total 71680K, used 0K [0x0000000795580000, 0x000000079e180000, 0x00000007c0000000)
  eden space 66560K, 0% used [0x0000000795580000,0x0000000795580000,0x0000000799680000)
  from space 5120K, 0% used [0x0000000799680000,0x0000000799680000,0x0000000799b80000)
  to   space 5120K, 0% used [0x000000079dc80000,0x000000079dc80000,0x000000079e180000)
 ParOldGen       total 72704K, used 12557K [0x0000000740000000, 0x0000000744700000, 0x0000000795580000)
  object space 72704K, 17% used [0x0000000740000000,0x0000000740c436b8,0x0000000744700000)
 Metaspace       used 19494K, capacity 21153K, committed 21296K, reserved 1067008K
  class space    used 2318K, capacity 2864K, committed 2864K, reserved 1048576K
}
Event: 16.019 GC heap before
{Heap before GC invocations=5 (full 1):
 PSYoungGen      total 71680K, used 66560K [0x0000000795580000, 0x000000079e180000, 0x00000007c0000000)
  eden space 66560K, 100% used [0x0000000795580000,0x0000000799680000,0x0000000799680000)
  from space 5120K, 0% used [0x0000000799680000,0x0000000799680000,0x0000000799b80000)
  to   space 5120K, 0% used [0x000000079dc80000,0x000000079dc80000,0x000000079e180000)
 ParOldGen       total 72704K, used 12557K [0x0000000740000000, 0x0000000744700000, 0x0000000795580000)
  object space 72704K, 17% used [0x0000000740000000,0x0000000740c436b8,0x0000000744700000)
 Metaspace       used 29439K, capacity 31889K, committed 32176K, reserved 1077248K
  class space    used 3548K, capacity 4216K, committed 4272K, reserved 1048576K
Event: 16.030 GC heap after
Heap after GC invocations=5 (full 1):
 PSYoungGen      total 98304K, used 5117K [0x0000000795580000, 0x000000079e180000, 0x00000007c0000000)
  eden space 93184K, 0% used [0x0000000795580000,0x0000000795580000,0x000000079b080000)
  from space 5120K, 99% used [0x000000079dc80000,0x000000079e17f680,0x000000079e180000)
  to   space 5120K, 0% used [0x000000079d780000,0x000000079d780000,0x000000079dc80000)
 ParOldGen       total 72704K, used 17491K [0x0000000740000000, 0x0000000744700000, 0x0000000795580000)
  object space 72704K, 24% used [0x0000000740000000,0x0000000741114cb8,0x0000000744700000)
 Metaspace       used 29439K, capacity 31889K, committed 32176K, reserved 1077248K
  class space    used 3548K, capacity 4216K, committed 4272K, reserved 1048576K
}
Event: 16.487 GC heap before
{Heap before GC invocations=6 (full 1):
 PSYoungGen      total 98304K, used 29214K [0x0000000795580000, 0x000000079e180000, 0x00000007c0000000)
  eden space 93184K, 25% used [0x0000000795580000,0x0000000796d084c0,0x000000079b080000)
  from space 5120K, 99% used [0x000000079dc80000,0x000000079e17f680,0x000000079e180000)
  to   space 5120K, 0% used [0x000000079d780000,0x000000079d780000,0x000000079dc80000)
 ParOldGen       total 72704K, used 17491K [0x0000000740000000, 0x0000000744700000, 0x0000000795580000)
  object space 72704K, 24% used [0x0000000740000000,0x0000000741114cb8,0x0000000744700000)
 Metaspace       used 32460K, capacity 35261K, committed 35496K, reserved 1079296K
  class space    used 3929K, capacity 4761K, committed 4784K, reserved 1048576K
Event: 16.500 GC heap after
Heap after GC invocations=6 (full 1):
 PSYoungGen      total 138240K, used 5111K [0x0000000795580000, 0x000000079f400000, 0x00000007c0000000)
  eden space 133120K, 0% used [0x0000000795580000,0x0000000795580000,0x000000079d780000)
  from space 5120K, 99% used [0x000000079d780000,0x000000079dc7dc80,0x000000079dc80000)
  to   space 13312K, 0% used [0x000000079e700000,0x000000079e700000,0x000000079f400000)
 ParOldGen       total 72704K, used 19517K [0x0000000740000000, 0x0000000744700000, 0x0000000795580000)
  object space 72704K, 26% used [0x0000000740000000,0x000000074130f608,0x0000000744700000)
 Metaspace       used 32460K, capacity 35261K, committed 35496K, reserved 1079296K
  class space    used 3929K, capacity 4761K, committed 4784K, reserved 1048576K
}
Event: 16.500 GC heap before
{Heap before GC invocations=7 (full 2):
 PSYoungGen      total 138240K, used 5111K [0x0000000795580000, 0x000000079f400000, 0x00000007c0000000)
  eden space 133120K, 0% used [0x0000000795580000,0x0000000795580000,0x000000079d780000)
  from space 5120K, 99% used [0x000000079d780000,0x000000079dc7dc80,0x000000079dc80000)
  to   space 13312K, 0% used [0x000000079e700000,0x000000079e700000,0x000000079f400000)
 ParOldGen       total 72704K, used 19517K [0x0000000740000000, 0x0000000744700000, 0x0000000795580000)
  object space 72704K, 26% used [0x0000000740000000,0x000000074130f608,0x0000000744700000)
 Metaspace       used 32460K, capacity 35261K, committed 35496K, reserved 1079296K
  class space    used 3929K, capacity 4761K, committed 4784K, reserved 1048576K
Event: 16.580 GC heap after
Heap after GC invocations=7 (full 2):
 PSYoungGen      total 138240K, used 0K [0x0000000795580000, 0x000000079f400000, 0x00000007c0000000)
  eden space 133120K, 0% used [0x0000000795580000,0x0000000795580000,0x000000079d780000)
  from space 5120K, 0% used [0x000000079d780000,0x000000079d780000,0x000000079dc80000)
  to   space 13312K, 0% used [0x000000079e700000,0x000000079e700000,0x000000079f400000)
 ParOldGen       total 97792K, used 14665K [0x0000000740000000, 0x0000000745f80000, 0x0000000795580000)
  object space 97792K, 14% used [0x0000000740000000,0x0000000740e52618,0x0000000745f80000)
 Metaspace       used 32460K, capacity 35261K, committed 35496K, reserved 1079296K
  class space    used 3929K, capacity 4761K, committed 4784K, reserved 1048576K
}

